c:\users\gaurav\documents\visual studio 2013\projects\session8\session8\debug\session8.pch
c:\users\gaurav\documents\visual studio 2013\projects\session8\session8\debug\vc120.pdb
c:\users\gaurav\documents\visual studio 2013\projects\session8\session8\debug\vc120.idb
c:\users\gaurav\documents\visual studio 2013\projects\session8\session8\debug\stdafx.obj
c:\users\gaurav\documents\visual studio 2013\projects\session8\session8\debug\session8.obj
c:\users\gaurav\documents\visual studio 2015\projects\vips\session8\session8\debug\session8.pch
c:\users\gaurav\documents\visual studio 2015\projects\vips\session8\session8\debug\vc140.pdb
c:\users\gaurav\documents\visual studio 2015\projects\vips\session8\session8\debug\vc140.idb
c:\users\gaurav\documents\visual studio 2015\projects\vips\session8\session8\debug\stdafx.obj
c:\users\gaurav\documents\visual studio 2015\projects\vips\session8\session8\debug\session8.obj
c:\users\gaurav\documents\visual studio 2013\projects\session8\debug\session8.ilk
c:\users\gaurav\documents\visual studio 2013\projects\session8\debug\session8.exe
c:\users\gaurav\documents\visual studio 2013\projects\session8\debug\session8.pdb
c:\users\gaurav\documents\visual studio 2015\projects\vips\session8\debug\session8.ilk
c:\users\gaurav\documents\visual studio 2015\projects\vips\session8\debug\session8.exe
c:\users\gaurav\documents\visual studio 2015\projects\vips\session8\debug\session8.pdb
c:\users\gaurav\documents\visual studio 2015\projects\vips\session8\session8\debug\vc120.idb
c:\users\gaurav\documents\visual studio 2015\projects\vips\session8\session8\debug\vc120.pdb
c:\users\gaurav\documents\visual studio 2015\projects\vips\session8\session8\debug\session8.tlog\cl.command.1.tlog
c:\users\gaurav\documents\visual studio 2015\projects\vips\session8\session8\debug\session8.tlog\cl.read.1.tlog
c:\users\gaurav\documents\visual studio 2015\projects\vips\session8\session8\debug\session8.tlog\cl.write.1.tlog
c:\users\gaurav\documents\visual studio 2015\projects\vips\session8\session8\debug\session8.tlog\link.command.1.tlog
c:\users\gaurav\documents\visual studio 2015\projects\vips\session8\session8\debug\session8.tlog\link.read.1.tlog
c:\users\gaurav\documents\visual studio 2015\projects\vips\session8\session8\debug\session8.tlog\link.write.1.tlog
